<?xml version="1.0" encoding="UTF-8"?>
<!-- Generated by org.testng.reporters.JUnitXMLReporter -->
<testsuite ignored="2" hostname="DESKTOP-6NH7IN9" failures="0" tests="6" name="Smoke" time="0.112" errors="0" timestamp="2021-05-21T13:04:11 IST">
  <testcase classname="com.testNG.practice.Annotations1" name="memberFarmerLandDetails" time="0.014"/>
  <testcase classname="com.testNG.practice.Annotations1" name="memberShare" time="0.003"/>
  <testcase classname="com.testNG.practice.Annotations1" name="ncl" time="0.003"/>
  <testcase classname="com.testNG.practice.Annotations2" name="agriShortTermLoans" time="0.003"/>
  <testcase classname="com.testNG.practice.Annotations2" name="retailHousingLoans" time="0.002"/>
  <testcase classname="com.testNG.practice.Annotations2" name="retailHousingLoans" time="0.003"/>
  <testcase classname="com.testNG.practice.Annotations3" name="clearCache" time="0.0">
    <ignored/>
  </testcase> <!-- clearCache -->
  <testcase classname="com.testNG.practice.Annotations2" name="agriMediumTermLoans" time="0.0">
    <ignored/>
  </testcase> <!-- agriMediumTermLoans -->
</testsuite> <!-- Smoke -->
