<?xml version="1.0" encoding="UTF-8"?>
<!-- Generated by org.testng.reporters.JUnitXMLReporter -->
<testsuite ignored="0" hostname="DESKTOP-6NH7IN9" failures="0" tests="3" name="Member" time="0.074" errors="0" timestamp="2021-05-20T19:54:53 IST">
  <testcase classname="com.testNG.practice.Annotations1" name="memberFarmerLandDetails" time="0.007"/>
  <testcase classname="com.testNG.practice.Annotations1" name="memberShare" time="0.004"/>
  <testcase classname="com.testNG.practice.Annotations1" name="ncl" time="0.002"/>
</testsuite> <!-- Member -->
