<?xml version="1.0" encoding="UTF-8"?>
<testng-results ignored="2" total="8" passed="6" failed="0" skipped="0">
  <reporter-output>
  </reporter-output>
  <suite started-at="2021-05-21T13:04:10 IST" name="Suite" finished-at="2021-05-21T13:04:10 IST" duration-ms="112">
    <groups>
      <group name="Smoke">
        <method signature="Annotations1.memberFarmerLandDetails(java.lang.String,java.lang.String,java.lang.String)[pri:0, instance:com.testNG.practice.Annotations1@20d28811]" name="memberFarmerLandDetails" class="com.testNG.practice.Annotations1"/>
        <method signature="Annotations1.memberShare()[pri:0, instance:com.testNG.practice.Annotations1@20d28811]" name="memberShare" class="com.testNG.practice.Annotations1"/>
        <method signature="Annotations1.ncl()[pri:0, instance:com.testNG.practice.Annotations1@20d28811]" name="ncl" class="com.testNG.practice.Annotations1"/>
        <method signature="Annotations2.agriShortTermLoans()[pri:0, instance:com.testNG.practice.Annotations2@78b66d36]" name="agriShortTermLoans" class="com.testNG.practice.Annotations2"/>
        <method signature="Annotations2.retailHousingLoans(java.lang.String)[pri:0, instance:com.testNG.practice.Annotations2@78b66d36]" name="retailHousingLoans" class="com.testNG.practice.Annotations2"/>
      </group> <!-- Smoke -->
    </groups>
    <test started-at="2021-05-21T13:04:10 IST" name="Smoke" finished-at="2021-05-21T13:04:10 IST" duration-ms="112">
      <class name="com.testNG.practice.Annotations1">
        <test-method signature="memberFarmerLandDetails(java.lang.String,java.lang.String,java.lang.String)[pri:0, instance:com.testNG.practice.Annotations1@20d28811]" started-at="2021-05-21T13:04:10 IST" name="memberFarmerLandDetails" finished-at="2021-05-21T13:04:10 IST" duration-ms="14" status="PASS">
          <params>
            <param index="0">
              <value>
                <![CDATA[http://rahulshettyacademy.com]]>
              </value>
            </param>
            <param index="1">
              <value>
                <![CDATA[username]]>
              </value>
            </param>
            <param index="2">
              <value>
                <![CDATA[password]]>
              </value>
            </param>
          </params>
          <reporter-output>
          </reporter-output>
        </test-method> <!-- memberFarmerLandDetails -->
        <test-method signature="memberShare()[pri:0, instance:com.testNG.practice.Annotations1@20d28811]" started-at="2021-05-21T13:04:10 IST" name="memberShare" finished-at="2021-05-21T13:04:10 IST" duration-ms="3" status="PASS">
          <reporter-output>
          </reporter-output>
        </test-method> <!-- memberShare -->
        <test-method signature="ncl()[pri:0, instance:com.testNG.practice.Annotations1@20d28811]" started-at="2021-05-21T13:04:10 IST" name="ncl" finished-at="2021-05-21T13:04:10 IST" depends-on-methods="com.testNG.practice.Annotations1.memberShare" duration-ms="3" status="PASS">
          <reporter-output>
          </reporter-output>
        </test-method> <!-- ncl -->
      </class> <!-- com.testNG.practice.Annotations1 -->
      <class name="com.testNG.practice.Annotations2">
        <test-method signature="agriShortTermLoans()[pri:0, instance:com.testNG.practice.Annotations2@78b66d36]" started-at="2021-05-21T13:04:10 IST" name="agriShortTermLoans" finished-at="2021-05-21T13:04:10 IST" duration-ms="3" status="PASS">
          <reporter-output>
          </reporter-output>
        </test-method> <!-- agriShortTermLoans -->
        <test-method signature="retailHousingLoans(java.lang.String)[pri:0, instance:com.testNG.practice.Annotations2@78b66d36]" started-at="2021-05-21T13:04:10 IST" name="retailHousingLoans" data-provider="testData" finished-at="2021-05-21T13:04:10 IST" duration-ms="2" status="PASS">
          <params>
            <param index="0">
              <value>
                <![CDATA[http://roots.com]]>
              </value>
            </param>
          </params>
          <reporter-output>
          </reporter-output>
        </test-method> <!-- retailHousingLoans -->
        <test-method signature="retailHousingLoans(java.lang.String)[pri:0, instance:com.testNG.practice.Annotations2@78b66d36]" started-at="2021-05-21T13:04:10 IST" name="retailHousingLoans" data-provider="testData" finished-at="2021-05-21T13:04:10 IST" duration-ms="3" status="PASS">
          <params>
            <param index="0">
              <value>
                <![CDATA[http://aml/com]]>
              </value>
            </param>
          </params>
          <reporter-output>
          </reporter-output>
        </test-method> <!-- retailHousingLoans -->
      </class> <!-- com.testNG.practice.Annotations2 -->
    </test> <!-- Smoke -->
  </suite> <!-- Suite -->
</testng-results>
